<?xml version="1.0" encoding="utf-8"?>
<coverage line-rate="0.9666" branch-rate="0.9642000000000001" version="1.9" timestamp="1725581736" lines-covered="116" lines-valid="120" branches-covered="27" branches-valid="28">
  <sources>
    <source>C:\Users\joaov\</source>
  </sources>
  <packages>
    <package name="Leilao" line-rate="0.9666" branch-rate="0.9642000000000001" complexity="60">
      <classes>
        <class name="AutoGeneratedProgram" filename=".nuget\packages\microsoft.net.test.sdk\17.11.0\build\netcoreapp3.1\Microsoft.NET.Test.Sdk.Program.cs" line-rate="0" branch-rate="1" complexity="1">
          <methods>
            <method name="Main" signature="(System.String[])" line-rate="0" branch-rate="1" complexity="1">
              <lines>
                <line number="4" hits="0" branch="False" />
              </lines>
            </method>
          </methods>
          <lines>
            <line number="4" hits="0" branch="False" />
          </lines>
        </class>
        <class name="Leilao.EmailService" filename="OneDrive\Desktop\Testes-Software-IFG\Leilao\Leilao\EmailService.cs" line-rate="0" branch-rate="1" complexity="1">
          <methods>
            <method name="EnviarEmail" signature="(System.String,System.String,System.String)" line-rate="0" branch-rate="1" complexity="1">
              <lines>
                <line number="12" hits="0" branch="False" />
                <line number="13" hits="0" branch="False" />
                <line number="14" hits="0" branch="False" />
              </lines>
            </method>
          </methods>
          <lines>
            <line number="12" hits="0" branch="False" />
            <line number="13" hits="0" branch="False" />
            <line number="14" hits="0" branch="False" />
          </lines>
        </class>
        <class name="Leilao.Lance" filename="OneDrive\Desktop\Testes-Software-IFG\Leilao\Leilao\Lance.cs" line-rate="1" branch-rate="1" complexity="5">
          <methods>
            <method name="get_Id" signature="()" line-rate="1" branch-rate="1" complexity="1">
              <lines>
                <line number="12" hits="17" branch="False" />
              </lines>
            </method>
            <method name="get_Participante" signature="()" line-rate="1" branch-rate="1" complexity="1">
              <lines>
                <line number="13" hits="31" branch="False" />
              </lines>
            </method>
            <method name="get_Valor" signature="()" line-rate="1" branch-rate="1" complexity="1">
              <lines>
                <line number="14" hits="51" branch="False" />
              </lines>
            </method>
            <method name="get_Data" signature="()" line-rate="1" branch-rate="1" complexity="1">
              <lines>
                <line number="15" hits="19" branch="False" />
              </lines>
            </method>
            <method name=".ctor" signature="(Leilao.Participante,System.Decimal)" line-rate="1" branch-rate="1" complexity="1">
              <lines>
                <line number="17" hits="17" branch="False" />
                <line number="18" hits="17" branch="False" />
                <line number="19" hits="17" branch="False" />
                <line number="20" hits="17" branch="False" />
                <line number="21" hits="17" branch="False" />
                <line number="22" hits="17" branch="False" />
                <line number="23" hits="17" branch="False" />
              </lines>
            </method>
          </methods>
          <lines>
            <line number="12" hits="17" branch="False" />
            <line number="13" hits="31" branch="False" />
            <line number="14" hits="51" branch="False" />
            <line number="15" hits="19" branch="False" />
            <line number="17" hits="17" branch="False" />
            <line number="18" hits="17" branch="False" />
            <line number="19" hits="17" branch="False" />
            <line number="20" hits="17" branch="False" />
            <line number="21" hits="17" branch="False" />
            <line number="22" hits="17" branch="False" />
            <line number="23" hits="17" branch="False" />
          </lines>
        </class>
        <class name="Leilao.Leilao" filename="OneDrive\Desktop\Testes-Software-IFG\Leilao\Leilao\Leilao.cs" line-rate="1" branch-rate="1" complexity="33">
          <methods>
            <method name="get_Id" signature="()" line-rate="1" branch-rate="1" complexity="1">
              <lines>
                <line number="11" hits="456" branch="False" />
              </lines>
            </method>
            <method name="get_Titulo" signature="()" line-rate="1" branch-rate="1" complexity="1">
              <lines>
                <line number="12" hits="49" branch="False" />
              </lines>
            </method>
            <method name="get_DataInicio" signature="()" line-rate="1" branch-rate="1" complexity="1">
              <lines>
                <line number="13" hits="25" branch="False" />
              </lines>
            </method>
            <method name="get_DataExpiracao" signature="()" line-rate="1" branch-rate="1" complexity="1">
              <lines>
                <line number="14" hits="42" branch="False" />
              </lines>
            </method>
            <method name="get_Status" signature="()" line-rate="1" branch-rate="1" complexity="1">
              <lines>
                <line number="15" hits="152" branch="False" />
              </lines>
            </method>
            <method name="get_Lances" signature="()" line-rate="1" branch-rate="1" complexity="1">
              <lines>
                <line number="16" hits="122" branch="False" />
              </lines>
            </method>
            <method name="get_Participantes" signature="()" line-rate="1" branch-rate="1" complexity="1">
              <lines>
                <line number="17" hits="79" branch="False" />
              </lines>
            </method>
            <method name="get_LanceMinimo" signature="()" line-rate="1" branch-rate="1" complexity="1">
              <lines>
                <line number="18" hits="57" branch="False" />
              </lines>
            </method>
            <method name="AbrirLeilao" signature="()" line-rate="1" branch-rate="1" complexity="2">
              <lines>
                <line number="30" hits="26" branch="False" />
                <line number="31" hits="26" branch="True" condition-coverage="100% (2/2)">
                  <conditions>
                    <condition number="12" type="jump" coverage="100%" />
                  </conditions>
                </line>
                <line number="32" hits="1" branch="False" />
                <line number="34" hits="25" branch="False" />
                <line number="35" hits="25" branch="False" />
                <line number="36" hits="25" branch="False" />
              </lines>
            </method>
            <method name="ExpirarLeilao" signature="()" line-rate="1" branch-rate="1" complexity="2">
              <lines>
                <line number="39" hits="5" branch="False" />
                <line number="40" hits="5" branch="True" condition-coverage="100% (2/2)">
                  <conditions>
                    <condition number="19" type="jump" coverage="100%" />
                  </conditions>
                </line>
                <line number="41" hits="4" branch="False" />
                <line number="43" hits="1" branch="False" />
                <line number="44" hits="4" branch="False" />
              </lines>
            </method>
            <method name="FinalizarLeilao" signature="()" line-rate="1" branch-rate="1" complexity="4">
              <lines>
                <line number="47" hits="9" branch="False" />
                <line number="48" hits="9" branch="True" condition-coverage="100% (4/4)">
                  <conditions>
                    <condition number="8" type="jump" coverage="100%" />
                    <condition number="24" type="jump" coverage="100%" />
                  </conditions>
                </line>
                <line number="49" hits="8" branch="False" />
                <line number="51" hits="1" branch="False" />
                <line number="52" hits="8" branch="False" />
              </lines>
            </method>
            <method name="AdicionarLance" signature="(Leilao.Participante,System.Decimal)" line-rate="1" branch-rate="1" complexity="12">
              <lines>
                <line number="55" hits="21" branch="False" />
                <line number="56" hits="21" branch="True" condition-coverage="100% (2/2)">
                  <conditions>
                    <condition number="15" type="jump" coverage="100%" />
                  </conditions>
                </line>
                <line number="57" hits="1" branch="False" />
                <line number="59" hits="20" branch="True" condition-coverage="100% (2/2)">
                  <conditions>
                    <condition number="42" type="jump" coverage="100%" />
                  </conditions>
                </line>
                <line number="60" hits="1" branch="False" />
                <line number="62" hits="28" branch="True" condition-coverage="100% (4/4)">
                  <conditions>
                    <condition number="66" type="jump" coverage="100%" />
                    <condition number="121" type="jump" coverage="100%" />
                  </conditions>
                </line>
                <line number="63" hits="1" branch="False" />
                <line number="65" hits="18" branch="True" condition-coverage="100% (4/4)">
                  <conditions>
                    <condition number="145" type="jump" coverage="100%" />
                    <condition number="184" type="jump" coverage="100%" />
                  </conditions>
                </line>
                <line number="66" hits="1" branch="False" />
                <line number="68" hits="17" branch="False" />
                <line number="69" hits="17" branch="False" />
              </lines>
            </method>
            <method name="AdicionarParticipante" signature="(Leilao.Participante)" line-rate="1" branch-rate="1" complexity="1">
              <lines>
                <line number="71" hits="20" branch="False" />
                <line number="72" hits="20" branch="False" />
                <line number="73" hits="20" branch="False" />
              </lines>
            </method>
            <method name="ObterMaiorLance" signature="()" line-rate="1" branch-rate="1" complexity="1">
              <lines>
                <line number="75" hits="20" branch="False" />
              </lines>
            </method>
            <method name="ObterMenorLance" signature="()" line-rate="1" branch-rate="1" complexity="1">
              <lines>
                <line number="76" hits="3" branch="False" />
              </lines>
            </method>
            <method name="ObterLancesOrdenados" signature="()" line-rate="1" branch-rate="1" complexity="1">
              <lines>
                <line number="77" hits="8" branch="False" />
              </lines>
            </method>
            <method name=".ctor" signature="(System.String,System.DateTime,System.Decimal)" line-rate="1" branch-rate="1" complexity="1">
              <lines>
                <line number="20" hits="37" branch="False" />
                <line number="21" hits="37" branch="False" />
                <line number="22" hits="37" branch="False" />
                <line number="23" hits="37" branch="False" />
                <line number="24" hits="37" branch="False" />
                <line number="25" hits="37" branch="False" />
                <line number="26" hits="37" branch="False" />
                <line number="27" hits="37" branch="False" />
              </lines>
            </method>
          </methods>
          <lines>
            <line number="11" hits="456" branch="False" />
            <line number="12" hits="49" branch="False" />
            <line number="13" hits="25" branch="False" />
            <line number="14" hits="42" branch="False" />
            <line number="15" hits="152" branch="False" />
            <line number="16" hits="122" branch="False" />
            <line number="17" hits="79" branch="False" />
            <line number="18" hits="57" branch="False" />
            <line number="30" hits="26" branch="False" />
            <line number="31" hits="26" branch="True" condition-coverage="100% (2/2)">
              <conditions>
                <condition number="12" type="jump" coverage="100%" />
              </conditions>
            </line>
            <line number="32" hits="1" branch="False" />
            <line number="34" hits="25" branch="False" />
            <line number="35" hits="25" branch="False" />
            <line number="36" hits="25" branch="False" />
            <line number="39" hits="5" branch="False" />
            <line number="40" hits="5" branch="True" condition-coverage="100% (2/2)">
              <conditions>
                <condition number="19" type="jump" coverage="100%" />
              </conditions>
            </line>
            <line number="41" hits="4" branch="False" />
            <line number="43" hits="1" branch="False" />
            <line number="44" hits="4" branch="False" />
            <line number="47" hits="9" branch="False" />
            <line number="48" hits="9" branch="True" condition-coverage="100% (4/4)">
              <conditions>
                <condition number="8" type="jump" coverage="100%" />
                <condition number="24" type="jump" coverage="100%" />
              </conditions>
            </line>
            <line number="49" hits="8" branch="False" />
            <line number="51" hits="1" branch="False" />
            <line number="52" hits="8" branch="False" />
            <line number="55" hits="21" branch="False" />
            <line number="56" hits="21" branch="True" condition-coverage="100% (2/2)">
              <conditions>
                <condition number="15" type="jump" coverage="100%" />
              </conditions>
            </line>
            <line number="57" hits="1" branch="False" />
            <line number="59" hits="20" branch="True" condition-coverage="100% (2/2)">
              <conditions>
                <condition number="42" type="jump" coverage="100%" />
              </conditions>
            </line>
            <line number="60" hits="1" branch="False" />
            <line number="62" hits="28" branch="True" condition-coverage="100% (4/4)">
              <conditions>
                <condition number="66" type="jump" coverage="100%" />
                <condition number="121" type="jump" coverage="100%" />
              </conditions>
            </line>
            <line number="63" hits="1" branch="False" />
            <line number="65" hits="18" branch="True" condition-coverage="100% (4/4)">
              <conditions>
                <condition number="145" type="jump" coverage="100%" />
                <condition number="184" type="jump" coverage="100%" />
              </conditions>
            </line>
            <line number="66" hits="1" branch="False" />
            <line number="68" hits="17" branch="False" />
            <line number="69" hits="17" branch="False" />
            <line number="71" hits="20" branch="False" />
            <line number="72" hits="20" branch="False" />
            <line number="73" hits="20" branch="False" />
            <line number="75" hits="20" branch="False" />
            <line number="76" hits="3" branch="False" />
            <line number="77" hits="8" branch="False" />
            <line number="20" hits="37" branch="False" />
            <line number="21" hits="37" branch="False" />
            <line number="22" hits="37" branch="False" />
            <line number="23" hits="37" branch="False" />
            <line number="24" hits="37" branch="False" />
            <line number="25" hits="37" branch="False" />
            <line number="26" hits="37" branch="False" />
            <line number="27" hits="37" branch="False" />
          </lines>
        </class>
        <class name="Leilao.LeilaoService" filename="OneDrive\Desktop\Testes-Software-IFG\Leilao\Leilao\LeilaoService.cs" line-rate="1" branch-rate="0.875" complexity="16">
          <methods>
            <method name="CriarLeilao" signature="(Leilao.Leilao)" line-rate="1" branch-rate="1" complexity="1">
              <lines>
                <line number="20" hits="37" branch="False" />
              </lines>
            </method>
            <method name="AbrirLeilao" signature="(System.Guid)" line-rate="1" branch-rate="1" complexity="1">
              <lines>
                <line number="23" hits="26" branch="False" />
                <line number="24" hits="26" branch="False" />
                <line number="25" hits="26" branch="False" />
                <line number="26" hits="25" branch="False" />
                <line number="27" hits="25" branch="False" />
              </lines>
            </method>
            <method name="ExpirarLeilao" signature="(System.Guid)" line-rate="1" branch-rate="1" complexity="1">
              <lines>
                <line number="30" hits="5" branch="False" />
                <line number="31" hits="5" branch="False" />
                <line number="32" hits="5" branch="False" />
                <line number="33" hits="4" branch="False" />
                <line number="34" hits="4" branch="False" />
              </lines>
            </method>
            <method name="FinalizarLeilao" signature="(System.Guid)" line-rate="1" branch-rate="1" complexity="4">
              <lines>
                <line number="37" hits="9" branch="False" />
                <line number="38" hits="9" branch="False" />
                <line number="39" hits="9" branch="False" />
                <line number="40" hits="8" branch="False" />
                <line number="42" hits="8" branch="True" condition-coverage="100% (2/2)">
                  <conditions>
                    <condition number="41" type="jump" coverage="100%" />
                  </conditions>
                </line>
                <line number="44" hits="8" branch="True" condition-coverage="100% (2/2)">
                  <conditions>
                    <condition number="59" type="jump" coverage="100%" />
                  </conditions>
                </line>
                <line number="45" hits="3" branch="False" />
                <line number="46" hits="3" branch="False" />
                <line number="47" hits="3" branch="False" />
                <line number="50" hits="5" branch="False" />
                <line number="51" hits="5" branch="False" />
                <line number="52" hits="5" branch="False" />
                <line number="54" hits="8" branch="False" />
              </lines>
            </method>
            <method name="AdicionarLance" signature="(System.Guid,Leilao.Participante,System.Decimal)" line-rate="1" branch-rate="0.75" complexity="4">
              <lines>
                <line number="57" hits="22" branch="False" />
                <line number="58" hits="22" branch="False" />
                <line number="59" hits="22" branch="True" condition-coverage="50% (1/2)">
                  <conditions>
                    <condition number="33" type="jump" coverage="50%" />
                  </conditions>
                </line>
                <line number="61" hits="51" branch="False" />
                <line number="63" hits="22" branch="True" condition-coverage="100% (2/2)">
                  <conditions>
                    <condition number="78" type="jump" coverage="100%" />
                  </conditions>
                </line>
                <line number="64" hits="1" branch="False" />
                <line number="65" hits="1" branch="False" />
                <line number="67" hits="21" branch="False" />
                <line number="68" hits="17" branch="False" />
                <line number="69" hits="17" branch="False" />
              </lines>
            </method>
            <method name="AdicionarParticipante" signature="(System.Guid,Leilao.Participante)" line-rate="1" branch-rate="1" complexity="1">
              <lines>
                <line number="72" hits="20" branch="False" />
                <line number="73" hits="20" branch="False" />
                <line number="74" hits="20" branch="False" />
                <line number="75" hits="20" branch="False" />
                <line number="76" hits="20" branch="False" />
              </lines>
            </method>
            <method name="ObterLances" signature="(System.Guid)" line-rate="1" branch-rate="1" complexity="1">
              <lines>
                <line number="78" hits="3" branch="False" />
              </lines>
            </method>
            <method name="ObterMaiorLance" signature="(System.Guid)" line-rate="1" branch-rate="1" complexity="1">
              <lines>
                <line number="79" hits="2" branch="False" />
              </lines>
            </method>
            <method name="ObterMenorLance" signature="(System.Guid)" line-rate="1" branch-rate="1" complexity="1">
              <lines>
                <line number="80" hits="1" branch="False" />
              </lines>
            </method>
            <method name=".ctor" signature="(Leilao.ILeilaoRepository,Leilao.IEmailService)" line-rate="1" branch-rate="1" complexity="1">
              <lines>
                <line number="14" hits="26" branch="False" />
                <line number="15" hits="26" branch="False" />
                <line number="16" hits="26" branch="False" />
                <line number="17" hits="26" branch="False" />
                <line number="18" hits="26" branch="False" />
              </lines>
            </method>
          </methods>
          <lines>
            <line number="20" hits="37" branch="False" />
            <line number="23" hits="26" branch="False" />
            <line number="24" hits="26" branch="False" />
            <line number="25" hits="26" branch="False" />
            <line number="26" hits="25" branch="False" />
            <line number="27" hits="25" branch="False" />
            <line number="30" hits="5" branch="False" />
            <line number="31" hits="5" branch="False" />
            <line number="32" hits="5" branch="False" />
            <line number="33" hits="4" branch="False" />
            <line number="34" hits="4" branch="False" />
            <line number="37" hits="9" branch="False" />
            <line number="38" hits="9" branch="False" />
            <line number="39" hits="9" branch="False" />
            <line number="40" hits="8" branch="False" />
            <line number="42" hits="8" branch="True" condition-coverage="100% (2/2)">
              <conditions>
                <condition number="41" type="jump" coverage="100%" />
              </conditions>
            </line>
            <line number="44" hits="8" branch="True" condition-coverage="100% (2/2)">
              <conditions>
                <condition number="59" type="jump" coverage="100%" />
              </conditions>
            </line>
            <line number="45" hits="3" branch="False" />
            <line number="46" hits="3" branch="False" />
            <line number="47" hits="3" branch="False" />
            <line number="50" hits="5" branch="False" />
            <line number="51" hits="5" branch="False" />
            <line number="52" hits="5" branch="False" />
            <line number="54" hits="8" branch="False" />
            <line number="57" hits="22" branch="False" />
            <line number="58" hits="22" branch="False" />
            <line number="59" hits="22" branch="True" condition-coverage="50% (1/2)">
              <conditions>
                <condition number="33" type="jump" coverage="50%" />
              </conditions>
            </line>
            <line number="61" hits="51" branch="False" />
            <line number="63" hits="22" branch="True" condition-coverage="100% (2/2)">
              <conditions>
                <condition number="78" type="jump" coverage="100%" />
              </conditions>
            </line>
            <line number="64" hits="1" branch="False" />
            <line number="65" hits="1" branch="False" />
            <line number="67" hits="21" branch="False" />
            <line number="68" hits="17" branch="False" />
            <line number="69" hits="17" branch="False" />
            <line number="72" hits="20" branch="False" />
            <line number="73" hits="20" branch="False" />
            <line number="74" hits="20" branch="False" />
            <line number="75" hits="20" branch="False" />
            <line number="76" hits="20" branch="False" />
            <line number="78" hits="3" branch="False" />
            <line number="79" hits="2" branch="False" />
            <line number="80" hits="1" branch="False" />
            <line number="14" hits="26" branch="False" />
            <line number="15" hits="26" branch="False" />
            <line number="16" hits="26" branch="False" />
            <line number="17" hits="26" branch="False" />
            <line number="18" hits="26" branch="False" />
          </lines>
        </class>
        <class name="Leilao.Participante" filename="OneDrive\Desktop\Testes-Software-IFG\Leilao\Leilao\Participante.cs" line-rate="1" branch-rate="1" complexity="4">
          <methods>
            <method name="get_Id" signature="()" line-rate="1" branch-rate="1" complexity="1">
              <lines>
                <line number="11" hits="95" branch="False" />
              </lines>
            </method>
            <method name="get_Nome" signature="()" line-rate="1" branch-rate="1" complexity="1">
              <lines>
                <line number="12" hits="23" branch="False" />
              </lines>
            </method>
            <method name="get_Email" signature="()" line-rate="1" branch-rate="1" complexity="1">
              <lines>
                <line number="13" hits="30" branch="False" />
              </lines>
            </method>
            <method name=".ctor" signature="(System.String,System.String)" line-rate="1" branch-rate="1" complexity="1">
              <lines>
                <line number="15" hits="21" branch="False" />
                <line number="16" hits="21" branch="False" />
                <line number="17" hits="21" branch="False" />
                <line number="18" hits="21" branch="False" />
                <line number="19" hits="21" branch="False" />
                <line number="20" hits="21" branch="False" />
              </lines>
            </method>
          </methods>
          <lines>
            <line number="11" hits="95" branch="False" />
            <line number="12" hits="23" branch="False" />
            <line number="13" hits="30" branch="False" />
            <line number="15" hits="21" branch="False" />
            <line number="16" hits="21" branch="False" />
            <line number="17" hits="21" branch="False" />
            <line number="18" hits="21" branch="False" />
            <line number="19" hits="21" branch="False" />
            <line number="20" hits="21" branch="False" />
          </lines>
        </class>
      </classes>
    </package>
  </packages>
</coverage>